AUTO UPDATE Wed Mar 22 10:24:47 2017
AUTO UPDATE Wed Mar 22 10:24:53 2017
AUTO UPDATE Wed Mar 22 10:25:35 2017
close Wed Mar 22 10:25:41 2017
AUTO UPDATE Wed Mar 22 10:25:44 2017
close Wed Mar 22 10:26:13 2017
AUTO UPDATE Wed Mar 22 10:26:19 2017
close Wed Mar 22 10:26:26 2017
AUTO UPDATE Wed Mar 22 10:30:25 2017
AUTO UPDATE Wed Mar 22 10:36:28 2017
AUTO UPDATE Wed Mar 22 10:39:20 2017
AUTO UPDATE Wed Mar 22 10:40:52 2017
AUTO UPDATE Wed Mar 22 10:42:33 2017
AUTO UPDATE Wed Mar 22 10:44:23 2017
AUTO UPDATE Wed Mar 22 10:45:36 2017
AUTO UPDATE Wed Mar 22 10:46:11 2017
AUTO UPDATE Wed Mar 22 10:46:55 2017
AUTO UPDATE Wed Mar 22 10:49:19 2017
AUTO UPDATE Wed Mar 22 10:49:55 2017
AUTO UPDATE Wed Mar 22 10:57:19 2017
AUTO UPDATE Wed Mar 22 11:17:11 2017
AUTO UPDATE Wed Mar 22 11:26:14 2017
AUTO UPDATE   Wed Mar 22 11:57:37 2017
AUTO UPDATE   Wed Mar 22 11:59:16 2017
index shortlist   Wed Mar 22 11:59:42 2017
index shortlist as   Wed Mar 22 11:59:50 2017
close   Wed Mar 22 11:59:53 2017
AUTO UPDATE   Wed Mar 22 12:00:57 2017
hash   Wed Mar 22 12:01:12 2017
AUTO UPDATE   Wed Mar 22 12:03:00 2017
AUTO UPDATE   Wed Mar 22 12:05:15 2017
AUTO UPDATE   Wed Mar 22 13:34:24 2017
AUTO UPDATE   Wed Mar 22 13:35:31 2017
index longlist   Wed Mar 22 13:35:41 2017
index shortlist 1489959637 1490159452   Wed Mar 22 13:36:14 2017
index regex \.txt$   Wed Mar 22 13:36:34 2017
AUTO UPDATE   Wed Mar 22 13:40:21 2017
index regex \.txt$   Wed Mar 22 13:40:41 2017
AUTO UPDATE   Wed Mar 22 13:41:01 2017
index regex \.txt$   Wed Mar 22 13:41:10 2017
AUTO UPDATE   Wed Mar 22 13:41:18 2017
index longlist   Wed Mar 22 13:41:21 2017
close   Wed Mar 22 13:41:25 2017
AUTO UPDATE   Wed Mar 22 13:46:58 2017
index regex \.txt$   Wed Mar 22 13:47:09 2017
hash verify file1   Wed Mar 22 13:47:31 2017
hash verify file1   Wed Mar 22 13:47:44 2017
hash checkall   Wed Mar 22 13:48:01 2017
download TCP file1   Wed Mar 22 13:48:22 2017
download UDP file1   Wed Mar 22 13:48:35 2017
AUTO UPDATE   Wed Mar 22 13:51:07 2017
download TCP file1   Wed Mar 22 13:51:15 2017
close   Wed Mar 22 13:51:20 2017
AUTO UPDATE   Wed Mar 22 13:52:54 2017
AUTO UPDATE   Wed Mar 22 14:00:03 2017
AUTO UPDATE   Wed Mar 22 14:06:22 2017
download UDP file1   Wed Mar 22 14:06:46 2017
download TCP file1   Wed Mar 22 14:07:01 2017
hash verify file1   Wed Mar 22 14:07:20 2017
AUTO UPDATE   Wed Mar 22 14:12:12 2017
hi   Wed Mar 22 14:12:17 2017
AUTO UPDATE   Wed Mar 22 14:17:36 2017
index shortlist 1489959637 1490159452   Wed Mar 22 14:20:50 2017
close   Wed Mar 22 14:20:53 2017
AUTO UPDATE   Wed Mar 22 14:20:57 2017
AUTO UPDATE   Wed Mar 22 14:31:53 2017
AUTO UPDATE   Wed Mar 22 14:36:17 2017
AUTO UPDATE   Wed Mar 22 14:46:06 2017
AUTO UPDATE   Wed Mar 22 14:48:06 2017
hash checkall   Wed Mar 22 14:48:17 2017
hash verify file2   Wed Mar 22 14:49:19 2017
index regex file   Wed Mar 22 14:49:37 2017
close   Wed Mar 22 14:49:40 2017
AUTO UPDATE   Wed Mar 22 19:03:17 2017
AUTO UPDATE   Wed Mar 22 20:33:39 2017
AUTO UPDATE   Wed Mar 22 22:04:32 2017
   Wed Mar 22 22:04:37 2017
AUTO UPDATE   Sat Apr  1 12:17:26 2017
