AUTO UPDATE Wed Mar 22 10:24:47 2017
close Wed Mar 22 10:24:50 2017
AUTO UPDATE Wed Mar 22 10:24:53 2017
close Wed Mar 22 10:25:03 2017
AUTO UPDATE Wed Mar 22 10:25:35 2017
AUTO UPDATE Wed Mar 22 10:25:44 2017
download UDP file1 Wed Mar 22 10:25:54 2017
hash checkall Wed Mar 22 10:26:09 2017
AUTO UPDATE Wed Mar 22 10:26:19 2017
AUTO UPDATE Wed Mar 22 10:30:25 2017
index regex \.txt$ Wed Mar 22 10:30:45 2017
close Wed Mar 22 10:31:05 2017
AUTO UPDATE Wed Mar 22 10:36:28 2017
index regex \.txt$ Wed Mar 22 10:36:41 2017
AUTO UPDATE Wed Mar 22 10:39:20 2017
index regex \.txt$ Wed Mar 22 10:39:30 2017
close Wed Mar 22 10:39:45 2017
AUTO UPDATE Wed Mar 22 10:40:52 2017
index regex \.txt$ Wed Mar 22 10:41:00 2017
close Wed Mar 22 10:41:11 2017
AUTO UPDATE Wed Mar 22 10:42:33 2017
index longlist Wed Mar 22 10:42:37 2017
index regex \.txt$ Wed Mar 22 10:42:52 2017
close Wed Mar 22 10:42:59 2017
AUTO UPDATE Wed Mar 22 10:44:23 2017
index regex \.txt$ Wed Mar 22 10:44:33 2017
close Wed Mar 22 10:44:39 2017
AUTO UPDATE Wed Mar 22 10:45:36 2017
index regex \.txt$ Wed Mar 22 10:45:44 2017
close Wed Mar 22 10:45:50 2017
AUTO UPDATE Wed Mar 22 10:46:11 2017
index regex \.txt$ Wed Mar 22 10:46:20 2017
close Wed Mar 22 10:46:38 2017
AUTO UPDATE Wed Mar 22 10:46:55 2017
index regex \.txt$ Wed Mar 22 10:47:03 2017
close Wed Mar 22 10:47:09 2017
AUTO UPDATE Wed Mar 22 10:49:19 2017
index regex file2* Wed Mar 22 10:49:29 2017
close Wed Mar 22 10:49:39 2017
AUTO UPDATE Wed Mar 22 10:49:55 2017
index regex file2* Wed Mar 22 10:50:03 2017
index regex file* Wed Mar 22 10:50:29 2017
index regex file2.* Wed Mar 22 10:50:39 2017
close Wed Mar 22 10:50:45 2017
AUTO UPDATE Wed Mar 22 10:57:19 2017
index longlist Wed Mar 22 10:57:27 2017
close Wed Mar 22 10:57:31 2017
AUTO UPDATE Wed Mar 22 11:17:11 2017
index longlist Wed Mar 22 11:17:15 2017
close Wed Mar 22 11:17:18 2017
AUTO UPDATE Wed Mar 22 11:26:14 2017
index shortlist 1489959637 1490159452 Wed Mar 22 11:27:07 2017
close Wed Mar 22 11:27:12 2017
AUTO UPDATE   Wed Mar 22 11:57:37 2017
hi as   Wed Mar 22 11:57:41 2017
index    Wed Mar 22 11:57:47 2017
   Wed Mar 22 11:58:08 2017
AUTO UPDATE   Wed Mar 22 11:59:16 2017
index   Wed Mar 22 11:59:19 2017
index longlist   Wed Mar 22 11:59:29 2017
index shortlist   Wed Mar 22 11:59:34 2017
AUTO UPDATE   Wed Mar 22 12:00:57 2017
index   Wed Mar 22 12:01:02 2017
hash   Wed Mar 22 12:01:08 2017
hash verify   Wed Mar 22 12:01:19 2017
index regex   Wed Mar 22 12:01:28 2017
download   Wed Mar 22 12:01:33 2017
download TCP   Wed Mar 22 12:01:41 2017
download UDP   Wed Mar 22 12:01:47 2017
close   Wed Mar 22 12:01:57 2017
AUTO UPDATE   Wed Mar 22 12:03:00 2017
[A[Aindex   Wed Mar 22 12:03:06 2017
close   Wed Mar 22 12:03:09 2017
AUTO UPDATE   Wed Mar 22 12:05:15 2017
index regex \.txt$   Wed Mar 22 12:05:25 2017
close   Wed Mar 22 12:05:30 2017
AUTO UPDATE   Wed Mar 22 13:34:24 2017
index longlist   Wed Mar 22 13:34:36 2017
close   Wed Mar 22 13:34:43 2017
AUTO UPDATE   Wed Mar 22 13:35:31 2017
index longlist   Wed Mar 22 13:35:37 2017
index shortlist 1489959637 1490159452   Wed Mar 22 13:36:03 2017
index regex \.txt$   Wed Mar 22 13:36:26 2017
AUTO UPDATE   Wed Mar 22 13:40:21 2017
index regex \.txt$   Wed Mar 22 13:40:31 2017
AUTO UPDATE   Wed Mar 22 13:41:01 2017
AUTO UPDATE   Wed Mar 22 13:41:18 2017
AUTO UPDATE   Wed Mar 22 13:46:58 2017
hash verify file1   Wed Mar 22 13:47:15 2017
hash checkall   Wed Mar 22 13:47:57 2017
download TCP file1   Wed Mar 22 13:48:15 2017
download UDP file1   Wed Mar 22 13:48:43 2017
close   Wed Mar 22 13:48:48 2017
AUTO UPDATE   Wed Mar 22 13:51:07 2017
AUTO UPDATE   Wed Mar 22 13:52:54 2017
AUTO UPDATE   Wed Mar 22 14:00:03 2017
close   Wed Mar 22 14:00:11 2017
AUTO UPDATE   Wed Mar 22 14:06:22 2017
hash verify file1   Wed Mar 22 14:07:13 2017
download UDP file1   Wed Mar 22 14:07:50 2017
download TCP file1   Wed Mar 22 14:08:05 2017
close   Wed Mar 22 14:08:10 2017
AUTO UPDATE   Wed Mar 22 14:12:12 2017
download UDP file1   Wed Mar 22 14:12:27 2017
download TCP file1   Wed Mar 22 14:12:34 2017
close   Wed Mar 22 14:12:44 2017
AUTO UPDATE   Wed Mar 22 14:17:36 2017
index shortlist 1490159452 1489959637   Wed Mar 22 14:18:18 2017
index longlist   Wed Mar 22 14:19:39 2017
index shortlist 1489959637 1490159452   Wed Mar 22 14:20:24 2017
AUTO UPDATE   Wed Mar 22 14:20:57 2017
close   Wed Mar 22 14:20:59 2017
AUTO UPDATE   Wed Mar 22 14:31:53 2017
hash checkall   Wed Mar 22 14:31:59 2017
close   Wed Mar 22 14:32:07 2017
AUTO UPDATE   Wed Mar 22 14:36:17 2017
index longlist   Wed Mar 22 14:36:25 2017
close   Wed Mar 22 14:36:30 2017
AUTO UPDATE   Wed Mar 22 14:46:06 2017
download UDP file1   Wed Mar 22 14:46:52 2017
download UDP file2   Wed Mar 22 14:46:57 2017
cloes   Wed Mar 22 14:47:02 2017
close   Wed Mar 22 14:47:05 2017
AUTO UPDATE   Wed Mar 22 14:48:06 2017
hash checkall   Wed Mar 22 14:48:10 2017
hash verify file2   Wed Mar 22 14:49:13 2017
index regex file   Wed Mar 22 14:49:31 2017
AUTO UPDATE   Wed Mar 22 19:03:17 2017
close   Wed Mar 22 19:03:30 2017
AUTO UPDATE   Wed Mar 22 20:33:39 2017
download UDP file1   Wed Mar 22 20:33:52 2017
download UDP file2   Wed Mar 22 20:33:59 2017
close   Wed Mar 22 20:34:04 2017
AUTO UPDATE   Wed Mar 22 22:04:32 2017
AUTO UPDATE   Sat Apr  1 12:17:26 2017
hi   Sat Apr  1 12:17:30 2017
close   Sat Apr  1 12:17:36 2017
